Inserimento ok
Inserimento ok
Inserimento ok
Inserimento ok
Inserimento ok
Inserimento ok
[(datetime.date(2024, 2, 23), 1.8676818181818182, 5, 2, 1, 2024, 3, 1.86457, 0.0256602, 1.88253, 1.8466), (datetime.date(2024, 2, 24), 1.8568571428571428, 6, 2, 1, 2024, 3, 1.85894, 0.0255235, 1.87681, 1.84108), (datetime.date(2024, 2, 25), 1.8805, 7, 2, 1, 2024, 3, 1.86416, 0.0256901, 1.88214, 1.84617), (datetime.date(2024, 2, 26), 1.8698372093023257, 1, 2, 1, 2024, 3, 1.86713, 0.0248342, 1.88452, 1.84975), (datetime.date(2024, 2, 27), 1.8582727272727273, 2, 2, 1, 2024, 3, 1.86131, 0.0205201, 1.87568, 1.84695), (datetime.date(2024, 2, 28), 1.8540579710144927, 3, 2, 1, 2024, 3, 1.86632, 0.0101078, 1.8734, 1.85925), (datetime.date(2024, 2, 29), 1.8735974025974025, 4, 2, 1, 2024, 3, 1.86603, 0.00981503, 1.8729, 1.85916)]
         data    prezzo  ...  banda_superiore  banda_inferiore
0  2024-02-23  1.867682  ...          1.88253          1.84660
1  2024-02-24  1.856857  ...          1.87681          1.84108
2  2024-02-25  1.880500  ...          1.88214          1.84617
3  2024-02-26  1.869837  ...          1.88452          1.84975
4  2024-02-27  1.858273  ...          1.87568          1.84695
5  2024-02-28  1.854058  ...          1.87340          1.85925
6  2024-02-29  1.873597  ...          1.87290          1.85916

[7 rows x 11 columns]
<class 'pandas.core.frame.DataFrame'>
2024-02-23
1
Inserimento ok
2024-02-24
1
Inserimento ok
2024-02-25
1
Inserimento ok
2024-02-26
0
Inserimento ok
2024-02-27
0
Inserimento ok
2024-02-28
1
Inserimento ok
2024-02-29
0
Inserimento ok
data
2024-02-23    1
2024-02-24    1
2024-02-25    1
2024-02-26    0
2024-02-27    0
2024-02-28    1
2024-02-29    0
Name: predizioni, dtype: int64
